{"/Users/luizortega/Documents/Projects/vedovelli-JS-Tests/module1/project1/src/lib/calculator.js": {"path":"/Users/luizortega/Documents/Projects/vedovelli-JS-Tests/module1/project1/src/lib/calculator.js","statementMap":{"0":{"start":{"line":1,"column":0},"end":{"line":10,"column":1}},"1":{"start":{"line":2,"column":17},"end":{"line":2,"column":35}},"2":{"start":{"line":3,"column":17},"end":{"line":3,"column":35}},"3":{"start":{"line":5,"column":4},"end":{"line":7,"column":5}},"4":{"start":{"line":6,"column":8},"end":{"line":6,"column":50}},"5":{"start":{"line":9,"column":4},"end":{"line":9,"column":23}}},"fnMap":{"0":{"name":"(anonymous_0)","decl":{"start":{"line":1,"column":21},"end":{"line":1,"column":22}},"loc":{"start":{"line":1,"column":37},"end":{"line":10,"column":1}},"line":1}},"branchMap":{"0":{"loc":{"start":{"line":5,"column":4},"end":{"line":7,"column":5}},"type":"if","locations":[{"start":{"line":5,"column":4},"end":{"line":7,"column":5}},{"start":{"line":5,"column":4},"end":{"line":7,"column":5}}],"line":5},"1":{"loc":{"start":{"line":5,"column":8},"end":{"line":5,"column":48}},"type":"binary-expr","locations":[{"start":{"line":5,"column":8},"end":{"line":5,"column":26}},{"start":{"line":5,"column":30},"end":{"line":5,"column":48}}],"line":5}},"s":{"0":1,"1":6,"2":6,"3":6,"4":4,"5":2},"f":{"0":6},"b":{"0":[4,2],"1":[6,3]},"_coverageSchema":"1a1c01bbd47fc00a2c39e90264f33305004495a9","hash":"c453c653b7c9d7be45c5bc88892f4085577992d3"}
,"/Users/luizortega/Documents/Projects/vedovelli-JS-Tests/module1/project1/src/lib/queryString.js": {"path":"/Users/luizortega/Documents/Projects/vedovelli-JS-Tests/module1/project1/src/lib/queryString.js","statementMap":{"0":{"start":{"line":1,"column":25},"end":{"line":7,"column":1}},"1":{"start":{"line":2,"column":2},"end":{"line":4,"column":3}},"2":{"start":{"line":3,"column":4},"end":{"line":3,"column":48}},"3":{"start":{"line":6,"column":2},"end":{"line":6,"column":27}},"4":{"start":{"line":9,"column":0},"end":{"line":10,"column":54}},"5":{"start":{"line":10,"column":2},"end":{"line":10,"column":53}},"6":{"start":{"line":12,"column":0},"end":{"line":23,"column":4}},"7":{"start":{"line":13,"column":2},"end":{"line":23,"column":3}},"8":{"start":{"line":15,"column":25},"end":{"line":15,"column":40}},"9":{"start":{"line":17,"column":6},"end":{"line":19,"column":7}},"10":{"start":{"line":18,"column":8},"end":{"line":18,"column":33}},"11":{"start":{"line":21,"column":6},"end":{"line":21,"column":26}}},"fnMap":{"0":{"name":"(anonymous_0)","decl":{"start":{"line":1,"column":25},"end":{"line":1,"column":26}},"loc":{"start":{"line":1,"column":43},"end":{"line":7,"column":1}},"line":1},"1":{"name":"(anonymous_1)","decl":{"start":{"line":9,"column":29},"end":{"line":9,"column":30}},"loc":{"start":{"line":10,"column":2},"end":{"line":10,"column":53}},"line":10},"2":{"name":"(anonymous_2)","decl":{"start":{"line":12,"column":23},"end":{"line":12,"column":24}},"loc":{"start":{"line":13,"column":2},"end":{"line":23,"column":3}},"line":13},"3":{"name":"(anonymous_3)","decl":{"start":{"line":14,"column":26},"end":{"line":14,"column":27}},"loc":{"start":{"line":14,"column":34},"end":{"line":22,"column":5}},"line":14}},"branchMap":{"0":{"loc":{"start":{"line":2,"column":2},"end":{"line":4,"column":3}},"type":"if","locations":[{"start":{"line":2,"column":2},"end":{"line":4,"column":3}},{"start":{"line":2,"column":2},"end":{"line":4,"column":3}}],"line":2},"1":{"loc":{"start":{"line":2,"column":6},"end":{"line":2,"column":56}},"type":"binary-expr","locations":[{"start":{"line":2,"column":6},"end":{"line":2,"column":31}},{"start":{"line":2,"column":35},"end":{"line":2,"column":56}}],"line":2},"2":{"loc":{"start":{"line":17,"column":6},"end":{"line":19,"column":7}},"type":"if","locations":[{"start":{"line":17,"column":6},"end":{"line":19,"column":7}},{"start":{"line":17,"column":6},"end":{"line":19,"column":7}}],"line":17}},"s":{"0":1,"1":6,"2":1,"3":5,"4":1,"5":3,"6":1,"7":3,"8":5,"9":5,"10":1,"11":5},"f":{"0":6,"1":3,"2":3,"3":5},"b":{"0":[1,5],"1":[6,2],"2":[1,4]},"_coverageSchema":"1a1c01bbd47fc00a2c39e90264f33305004495a9","hash":"52d6e54427606dda7f5187bebaf98be7d63536a2"}
}
